Mar-08 00:20:28.543 [main] DEBUG nextflow.cli.Launcher - $> nextflow run main.nf --fastq example.fastq
Mar-08 00:20:28.740 [main] DEBUG nextflow.cli.CmdRun - N E X T F L O W  ~  version 24.10.5
Mar-08 00:20:28.799 [main] DEBUG nextflow.plugin.PluginsFacade - Setting up plugin manager > mode=prod; embedded=false; plugins-dir=/home/ragon/.nextflow/plugins; core-plugins: nf-amazon@2.9.2,nf-azure@1.10.2,nf-cloudcache@0.4.2,nf-codecommit@0.2.2,nf-console@1.1.4,nf-google@1.15.4,nf-tower@1.9.3,nf-wave@1.7.4
Mar-08 00:20:28.860 [main] INFO  o.pf4j.DefaultPluginStatusProvider - Enabled plugins: []
Mar-08 00:20:28.863 [main] INFO  o.pf4j.DefaultPluginStatusProvider - Disabled plugins: []
Mar-08 00:20:28.873 [main] INFO  org.pf4j.DefaultPluginManager - PF4J version 3.12.0 in 'deployment' mode
Mar-08 00:20:28.899 [main] INFO  org.pf4j.AbstractPluginManager - No plugins
Mar-08 00:20:28.992 [main] DEBUG n.secret.LocalSecretsProvider - Secrets store: /home/ragon/.nextflow/secrets/store.json
Mar-08 00:20:29.012 [main] DEBUG nextflow.secret.SecretsLoader - Discovered secrets providers: [nextflow.secret.LocalSecretsProvider@452c8a40] - activable => nextflow.secret.LocalSecretsProvider@452c8a40
Mar-08 00:20:29.144 [main] DEBUG nextflow.cli.CmdRun - Applied DSL=2 by global default
Mar-08 00:20:29.326 [main] DEBUG nextflow.cli.CmdRun - Launching `main.nf` [gloomy_almeida] DSL2 - revision: 421cd0ba01
Mar-08 00:20:29.336 [main] DEBUG nextflow.plugin.PluginsFacade - Plugins default=[]
Mar-08 00:20:29.340 [main] DEBUG nextflow.plugin.PluginsFacade - Plugins resolved requirement=[]
Mar-08 00:20:29.610 [main] DEBUG nextflow.Session - Session UUID: 6b5fde5f-eada-4034-8807-48074622608b
Mar-08 00:20:29.613 [main] DEBUG nextflow.Session - Run name: gloomy_almeida
Mar-08 00:20:29.614 [main] DEBUG nextflow.Session - Executor pool size: 4
Mar-08 00:20:29.646 [main] DEBUG nextflow.file.FilePorter - File porter settings maxRetries=3; maxTransfers=50; pollTimeout=null
Mar-08 00:20:29.666 [main] DEBUG nextflow.util.ThreadPoolBuilder - Creating thread pool 'FileTransfer' minSize=10; maxSize=12; workQueue=LinkedBlockingQueue[-1]; allowCoreThreadTimeout=false
Mar-08 00:20:29.971 [main] DEBUG nextflow.cli.CmdRun - 
  Version: 24.10.5 build 5935
  Created: 04-03-2025 17:55 UTC (05-03-2025 00:55 WIST)
  System: Linux 5.15.167.4-microsoft-standard-WSL2
  Runtime: Groovy 4.0.23 on OpenJDK 64-Bit Server VM 11.0.26+4-post-Ubuntu-1ubuntu124.04
  Encoding: UTF-8 (UTF-8)
  Process: 131358@DESKTOP-CI2MM8K [127.0.1.1]
  CPUs: 4 - Mem: 3.8 GB (2.2 GB) - Swap: 1 GB (1022.7 MB)
Mar-08 00:20:30.071 [main] DEBUG nextflow.Session - Work-dir: /home/ragon/BGVR/chapter_03/project_31_7/work [ext2/ext3]
Mar-08 00:20:30.073 [main] DEBUG nextflow.Session - Script base path does not exist or is not a directory: /home/ragon/BGVR/chapter_03/project_31_7/bin
Mar-08 00:20:30.114 [main] DEBUG nextflow.executor.ExecutorFactory - Extension executors providers=[]
Mar-08 00:20:30.151 [main] DEBUG nextflow.Session - Observer factory: DefaultObserverFactory
Mar-08 00:20:30.251 [main] DEBUG nextflow.cache.CacheFactory - Using Nextflow cache factory: nextflow.cache.DefaultCacheFactory
Mar-08 00:20:30.298 [main] DEBUG nextflow.util.CustomThreadPool - Creating default thread pool > poolSize: 5; maxThreads: 1000
Mar-08 00:20:31.168 [main] DEBUG nextflow.Session - Session start
Mar-08 00:20:33.352 [main] DEBUG nextflow.script.ScriptRunner - > Launching execution
Mar-08 00:20:33.716 [main] DEBUG nextflow.script.ScriptRunner - Parsed script files:
  Script_b83adb87a7e44be5: /home/ragon/BGVR/chapter_03/project_31_7/main.nf
Mar-08 00:20:33.717 [main] DEBUG nextflow.Session - Session aborted -- Cause: Cannot read write-only property: from
Mar-08 00:20:33.742 [main] DEBUG nextflow.Session - 
Thread[Reference Handler,10,system]
  java.base@11.0.26/java.lang.ref.Reference.waitForReferencePendingList(Native Method)
  java.base@11.0.26/java.lang.ref.Reference.processPendingReferences(Reference.java:241)
  java.base@11.0.26/java.lang.ref.Reference$ReferenceHandler.run(Reference.java:213)

Thread[Thread-1,5,main]
  java.base@11.0.26/jdk.internal.misc.Unsafe.park(Native Method)
  java.base@11.0.26/java.util.concurrent.locks.LockSupport.parkNanos(LockSupport.java:234)
  java.base@11.0.26/java.util.concurrent.locks.AbstractQueuedSynchronizer$ConditionObject.awaitNanos(AbstractQueuedSynchronizer.java:2123)
  java.base@11.0.26/java.util.concurrent.LinkedBlockingDeque.pollFirst(LinkedBlockingDeque.java:513)
  java.base@11.0.26/java.util.concurrent.LinkedBlockingDeque.poll(LinkedBlockingDeque.java:675)
  app//nextflow.util.SimpleAgent.run(SimpleAgent.groovy:89)
  java.base@11.0.26/jdk.internal.reflect.NativeMethodAccessorImpl.invoke0(Native Method)
  java.base@11.0.26/jdk.internal.reflect.NativeMethodAccessorImpl.invoke(NativeMethodAccessorImpl.java:62)
  java.base@11.0.26/jdk.internal.reflect.DelegatingMethodAccessorImpl.invoke(DelegatingMethodAccessorImpl.java:43)
  java.base@11.0.26/java.lang.reflect.Method.invoke(Method.java:566)
  app//org.codehaus.groovy.reflection.CachedMethod.invoke(CachedMethod.java:343)
  app//groovy.lang.MetaMethod.doMethodInvoke(MetaMethod.java:328)
  app//groovy.lang.MetaClassImpl.doInvokeMethod(MetaClassImpl.java:1333)
  app//groovy.lang.MetaClassImpl.invokeMethod(MetaClassImpl.java:1088)
  app//groovy.lang.MetaClassImpl.invokeMethodClosure(MetaClassImpl.java:1017)
  app//groovy.lang.MetaClassImpl.doInvokeMethod(MetaClassImpl.java:1207)
  app//groovy.lang.MetaClassImpl.invokeMethod(MetaClassImpl.java:1088)
  app//groovy.lang.MetaClassImpl.invokeMethod(MetaClassImpl.java:1007)
  app//groovy.lang.Closure.call(Closure.java:433)
  app//groovy.lang.Closure.call(Closure.java:412)
  app//groovy.lang.Closure.run(Closure.java:505)
  java.base@11.0.26/java.lang.Thread.run(Thread.java:829)

Thread[main,5,main]
  java.base@11.0.26/java.lang.Thread.dumpThreads(Native Method)
  java.base@11.0.26/java.lang.Thread.getAllStackTraces(Thread.java:1653)
  app//nextflow.util.SysHelper.dumpThreads(SysHelper.groovy:188)
  app//nextflow.Session.abort(Session.groovy:800)
  app//nextflow.script.ScriptRunner.execute(ScriptRunner.groovy:149)
  app//nextflow.cli.CmdRun.run(CmdRun.groovy:376)
  app//nextflow.cli.Launcher.run(Launcher.groovy:503)
  app//nextflow.cli.Launcher.main(Launcher.groovy:658)

Thread[Signal Dispatcher,9,system]

Thread[Common-Cleaner,8,InnocuousThreadGroup]
  java.base@11.0.26/java.lang.Object.wait(Native Method)
  java.base@11.0.26/java.lang.ref.ReferenceQueue.remove(ReferenceQueue.java:155)
  java.base@11.0.26/jdk.internal.ref.CleanerImpl.run(CleanerImpl.java:148)
  java.base@11.0.26/java.lang.Thread.run(Thread.java:829)
  java.base@11.0.26/jdk.internal.misc.InnocuousThread.run(InnocuousThread.java:161)

Thread[Finalizer,8,system]
  java.base@11.0.26/java.lang.Object.wait(Native Method)
  java.base@11.0.26/java.lang.ref.ReferenceQueue.remove(ReferenceQueue.java:155)
  java.base@11.0.26/java.lang.ref.ReferenceQueue.remove(ReferenceQueue.java:176)
  java.base@11.0.26/java.lang.ref.Finalizer$FinalizerThread.run(Finalizer.java:170)

Thread[AnsiLogObserver,5,main]
  java.base@11.0.26/java.lang.Object.wait(Native Method)
  app//nextflow.trace.AnsiLogObserver.render0(AnsiLogObserver.groovy:185)
  java.base@11.0.26/jdk.internal.reflect.NativeMethodAccessorImpl.invoke0(Native Method)
  java.base@11.0.26/jdk.internal.reflect.NativeMethodAccessorImpl.invoke(NativeMethodAccessorImpl.java:62)
  java.base@11.0.26/jdk.internal.reflect.DelegatingMethodAccessorImpl.invoke(DelegatingMethodAccessorImpl.java:43)
  java.base@11.0.26/java.lang.reflect.Method.invoke(Method.java:566)
  app//org.codehaus.groovy.reflection.CachedMethod.invoke(CachedMethod.java:343)
  app//groovy.lang.MetaMethod.doMethodInvoke(MetaMethod.java:328)
  app//groovy.lang.MetaClassImpl.doInvokeMethod(MetaClassImpl.java:1333)
  app//groovy.lang.MetaClassImpl.invokeMethod(MetaClassImpl.java:1088)
  app//groovy.lang.MetaClassImpl.invokeMethodClosure(MetaClassImpl.java:1017)
  app//groovy.lang.MetaClassImpl.doInvokeMethod(MetaClassImpl.java:1207)
  app//groovy.lang.MetaClassImpl.invokeMethod(MetaClassImpl.java:1088)
  app//groovy.lang.MetaClassImpl.invokeMethod(MetaClassImpl.java:1007)
  app//groovy.lang.Closure.call(Closure.java:433)
  app//groovy.lang.Closure.call(Closure.java:412)
  app//groovy.lang.Closure.run(Closure.java:505)
  java.base@11.0.26/java.lang.Thread.run(Thread.java:829)

Thread[process reaper,10,system]
  java.base@11.0.26/jdk.internal.misc.Unsafe.park(Native Method)
  java.base@11.0.26/java.util.concurrent.locks.LockSupport.parkNanos(LockSupport.java:234)
  java.base@11.0.26/java.util.concurrent.SynchronousQueue$TransferStack.awaitFulfill(SynchronousQueue.java:462)
  java.base@11.0.26/java.util.concurrent.SynchronousQueue$TransferStack.transfer(SynchronousQueue.java:361)
  java.base@11.0.26/java.util.concurrent.SynchronousQueue.poll(SynchronousQueue.java:937)
  java.base@11.0.26/java.util.concurrent.ThreadPoolExecutor.getTask(ThreadPoolExecutor.java:1053)
  java.base@11.0.26/java.util.concurrent.ThreadPoolExecutor.runWorker(ThreadPoolExecutor.java:1114)
  java.base@11.0.26/java.util.concurrent.ThreadPoolExecutor$Worker.run(ThreadPoolExecutor.java:628)
  java.base@11.0.26/java.lang.Thread.run(Thread.java:829)

Mar-08 00:20:33.758 [main] ERROR nextflow.cli.Launcher - @unknown
groovy.lang.GroovyRuntimeException: Cannot read write-only property: from
	at groovy.lang.MetaBeanProperty.getProperty(MetaBeanProperty.java:58)
	at groovy.lang.MetaClassImpl.invokePropertyOrMissing(MetaClassImpl.java:1387)
	at groovy.lang.MetaClassImpl.doInvokeMethod(MetaClassImpl.java:1335)
	at groovy.lang.MetaClassImpl.invokeMethod(MetaClassImpl.java:1088)
	at groovy.lang.MetaClassImpl.invokeMethod(MetaClassImpl.java:1007)
	at org.codehaus.groovy.vmplugin.v8.IndyInterface.fromCache(IndyInterface.java:321)
	at Script_b83adb87a7e44be5$_runScript_closure1.doCall(Script_b83adb87a7e44be5:26)
	at Script_b83adb87a7e44be5$_runScript_closure1.doCall(Script_b83adb87a7e44be5)
	at java.base/jdk.internal.reflect.NativeMethodAccessorImpl.invoke0(Native Method)
	at java.base/jdk.internal.reflect.NativeMethodAccessorImpl.invoke(NativeMethodAccessorImpl.java:62)
	at java.base/jdk.internal.reflect.DelegatingMethodAccessorImpl.invoke(DelegatingMethodAccessorImpl.java:43)
	at java.base/java.lang.reflect.Method.invoke(Method.java:566)
	at org.codehaus.groovy.reflection.CachedMethod.invoke(CachedMethod.java:343)
	at groovy.lang.MetaMethod.doMethodInvoke(MetaMethod.java:328)
	at org.codehaus.groovy.runtime.metaclass.ClosureMetaClass.invokeMethod(ClosureMetaClass.java:279)
	at groovy.lang.MetaClassImpl.invokeMethod(MetaClassImpl.java:1007)
	at groovy.lang.Closure.call(Closure.java:433)
	at groovy.lang.Closure.call(Closure.java:412)
	at nextflow.script.ProcessDef.initialize(ProcessDef.groovy:110)
	at nextflow.script.ProcessDef.run(ProcessDef.groovy:168)
	at nextflow.script.BindableDef.invoke_a(BindableDef.groovy:51)
	at nextflow.script.ComponentDef.invoke_o(ComponentDef.groovy:40)
	at nextflow.script.WorkflowBinding.invokeMethod(WorkflowBinding.groovy:103)
	at org.codehaus.groovy.runtime.InvokerHelper.invokePogoMethod(InvokerHelper.java:651)
	at org.codehaus.groovy.runtime.InvokerHelper.invokeMethod(InvokerHelper.java:628)
	at org.codehaus.groovy.runtime.metaclass.ClosureMetaClass.invokeOnDelegationObjects(ClosureMetaClass.java:391)
	at org.codehaus.groovy.runtime.metaclass.ClosureMetaClass.invokeMethod(ClosureMetaClass.java:330)
	at groovy.lang.MetaClassImpl.invokeMethod(MetaClassImpl.java:1007)
	at org.codehaus.groovy.vmplugin.v8.IndyInterface.fromCache(IndyInterface.java:321)
	at Script_b83adb87a7e44be5$_runScript_closure3$_closure6.doCall(Script_b83adb87a7e44be5:64)
	at java.base/jdk.internal.reflect.NativeMethodAccessorImpl.invoke0(Native Method)
	at java.base/jdk.internal.reflect.NativeMethodAccessorImpl.invoke(NativeMethodAccessorImpl.java:62)
	at java.base/jdk.internal.reflect.DelegatingMethodAccessorImpl.invoke(DelegatingMethodAccessorImpl.java:43)
	at java.base/java.lang.reflect.Method.invoke(Method.java:566)
	at org.codehaus.groovy.reflection.CachedMethod.invoke(CachedMethod.java:343)
	at groovy.lang.MetaMethod.doMethodInvoke(MetaMethod.java:328)
	at org.codehaus.groovy.runtime.metaclass.ClosureMetaClass.invokeMethod(ClosureMetaClass.java:279)
	at groovy.lang.MetaClassImpl.invokeMethod(MetaClassImpl.java:1007)
	at groovy.lang.Closure.call(Closure.java:433)
	at groovy.lang.Closure.call(Closure.java:412)
	at nextflow.script.WorkflowDef.run0(WorkflowDef.groovy:204)
	at nextflow.script.WorkflowDef.run(WorkflowDef.groovy:188)
	at nextflow.script.BindableDef.invoke_a(BindableDef.groovy:51)
	at org.codehaus.groovy.vmplugin.v8.IndyInterface.fromCache(IndyInterface.java:321)
	at nextflow.script.BaseScript.run0(BaseScript.groovy:198)
	at org.codehaus.groovy.vmplugin.v8.IndyInterface.fromCache(IndyInterface.java:321)
	at nextflow.script.BaseScript.run(BaseScript.groovy:209)
	at nextflow.script.ScriptParser.runScript(ScriptParser.groovy:236)
	at nextflow.script.ScriptRunner.run(ScriptRunner.groovy:243)
	at nextflow.script.ScriptRunner.execute(ScriptRunner.groovy:138)
	at nextflow.cli.CmdRun.run(CmdRun.groovy:376)
	at nextflow.cli.Launcher.run(Launcher.groovy:503)
	at nextflow.cli.Launcher.main(Launcher.groovy:658)
